1601455898026	geckodriver	INFO	Listening on 127.0.0.1:51174
1601455899039	mozrunner::runner	INFO	Running command: "/Applications/Firefox.app/Contents/MacOS/firefox-bin" "--marionette" "-foreground" "-no-remote" "-profile" "/var/folders/_n/gksf279x4g7bw61ky4pzvg_h0000gn/T/rust_mozprofilewxLzTW"
console.error: SearchCache: "_readCacheFile: Error reading cache file:" (new Error("", "(unknown module)"))
1601455901492	Marionette	INFO	Listening on port 51186
1601455901539	Marionette	WARN	TLS certificate errors will be ignored for this session
1601456232247	geckodriver	INFO	Listening on 127.0.0.1:51454
1601456233263	mozrunner::runner	INFO	Running command: "/Applications/Firefox.app/Contents/MacOS/firefox-bin" "--marionette" "-foreground" "-no-remote" "-profile" "/var/folders/_n/gksf279x4g7bw61ky4pzvg_h0000gn/T/rust_mozprofileTYNuji"
console.error: SearchCache: "_readCacheFile: Error reading cache file:" (new Error("", "(unknown module)"))
1601456235168	Marionette	INFO	Listening on port 51465
1601456235208	Marionette	WARN	TLS certificate errors will be ignored for this session
1601456276798	geckodriver	INFO	Listening on 127.0.0.1:51545
1601456277813	mozrunner::runner	INFO	Running command: "/Applications/Firefox.app/Contents/MacOS/firefox-bin" "--marionette" "-foreground" "-no-remote" "-profile" "/var/folders/_n/gksf279x4g7bw61ky4pzvg_h0000gn/T/rust_mozprofileVRoRms"
console.error: SearchCache: "_readCacheFile: Error reading cache file:" (new Error("", "(unknown module)"))
1601456279860	Marionette	INFO	Listening on port 51556
1601456279867	Marionette	WARN	TLS certificate errors will be ignored for this session
Exiting due to channel error.
[GFX1-]: Receive IPC close with reason=AbnormalShutdown
Exiting due to channel error.
[GFX1-]: Receive IPC close with reason=AbnormalShutdown
Exiting due to channel error.
1601456366598	geckodriver	INFO	Listening on 127.0.0.1:51631
1601456367605	mozrunner::runner	INFO	Running command: "/Applications/Firefox.app/Contents/MacOS/firefox-bin" "--marionette" "-foreground" "-no-remote" "-profile" "/var/folders/_n/gksf279x4g7bw61ky4pzvg_h0000gn/T/rust_mozprofilebJt0uT"
console.error: SearchCache: "_readCacheFile: Error reading cache file:" (new Error("", "(unknown module)"))
1601456369541	Marionette	INFO	Listening on port 51642
1601456369554	Marionette	WARN	TLS certificate errors will be ignored for this session
1601456620655	Marionette	INFO	Stopped listening on port 51642
1601456622053	Marionette	INFO	Stopped listening on port 51465
1601456623473	Marionette	INFO	Stopped listening on port 51186
1601456636823	geckodriver	INFO	Listening on 127.0.0.1:51756
1601456637837	mozrunner::runner	INFO	Running command: "/Applications/Firefox.app/Contents/MacOS/firefox-bin" "--marionette" "-foreground" "-no-remote" "-profile" "/var/folders/_n/gksf279x4g7bw61ky4pzvg_h0000gn/T/rust_mozprofilefRVPso"
console.error: SearchCache: "_readCacheFile: Error reading cache file:" (new Error("", "(unknown module)"))
1601456639790	Marionette	INFO	Listening on port 51767
1601456639889	Marionette	WARN	TLS certificate errors will be ignored for this session
console.error: (new TypeError("parent is null", "resource://devtools/client/inspector/shared/style-change-tracker.js", 67))
TypeError: parent is null: canMutationImpactCurrentStyles@resource://devtools/client/inspector/shared/style-change-tracker.js:67:24
onMutations@resource://devtools/client/inspector/shared/style-change-tracker.js:84:41
_emit@resource://devtools/shared/event-emitter.js:226:34
emit@resource://devtools/shared/event-emitter.js:172:18
emit@resource://devtools/shared/event-emitter.js:324:18
getMutations@resource://devtools/client/fronts/walker.js:405:10

console.error: (new TypeError("parent is null", "resource://devtools/client/inspector/shared/style-change-tracker.js", 67))
TypeError: parent is null: canMutationImpactCurrentStyles@resource://devtools/client/inspector/shared/style-change-tracker.js:67:24
onMutations@resource://devtools/client/inspector/shared/style-change-tracker.js:84:41
_emit@resource://devtools/shared/event-emitter.js:226:34
emit@resource://devtools/shared/event-emitter.js:172:18
emit@resource://devtools/shared/event-emitter.js:324:18
getMutations@resource://devtools/client/fronts/walker.js:405:10

console.error: (new TypeError("parent is null", "resource://devtools/client/inspector/shared/style-change-tracker.js", 67))
TypeError: parent is null: canMutationImpactCurrentStyles@resource://devtools/client/inspector/shared/style-change-tracker.js:67:24
onMutations@resource://devtools/client/inspector/shared/style-change-tracker.js:84:41
_emit@resource://devtools/shared/event-emitter.js:226:34
emit@resource://devtools/shared/event-emitter.js:172:18
emit@resource://devtools/shared/event-emitter.js:324:18
getMutations@resource://devtools/client/fronts/walker.js:405:10

console.error: (new TypeError("parent is null", "resource://devtools/client/inspector/shared/style-change-tracker.js", 67))
TypeError: parent is null: canMutationImpactCurrentStyles@resource://devtools/client/inspector/shared/style-change-tracker.js:67:24
onMutations@resource://devtools/client/inspector/shared/style-change-tracker.js:84:41
_emit@resource://devtools/shared/event-emitter.js:226:34
emit@resource://devtools/shared/event-emitter.js:172:18
emit@resource://devtools/shared/event-emitter.js:324:18
getMutations@resource://devtools/client/fronts/walker.js:405:10

1601460399722	Marionette	INFO	Stopped listening on port 51767
1601461968722	geckodriver	INFO	Listening on 127.0.0.1:54345
1601461969730	mozrunner::runner	INFO	Running command: "/Applications/Firefox.app/Contents/MacOS/firefox-bin" "--marionette" "-foreground" "-no-remote" "-profile" "/var/folders/_n/gksf279x4g7bw61ky4pzvg_h0000gn/T/rust_mozprofilegef7Yo"
console.error: SearchCache: "_readCacheFile: Error reading cache file:" (new Error("", "(unknown module)"))
1601461971772	Marionette	INFO	Listening on port 54357
1601461971799	Marionette	WARN	TLS certificate errors will be ignored for this session
1601462194484	geckodriver	INFO	Listening on 127.0.0.1:54455
1601462195497	mozrunner::runner	INFO	Running command: "/Applications/Firefox.app/Contents/MacOS/firefox-bin" "--marionette" "-foreground" "-no-remote" "-profile" "/var/folders/_n/gksf279x4g7bw61ky4pzvg_h0000gn/T/rust_mozprofileTJoOE0"
console.error: SearchCache: "_readCacheFile: Error reading cache file:" (new Error("", "(unknown module)"))
1601462197448	Marionette	INFO	Listening on port 54473
1601462197552	Marionette	WARN	TLS certificate errors will be ignored for this session
1601462203859	Marionette	INFO	Stopped listening on port 54473
1601462221959	geckodriver	INFO	Listening on 127.0.0.1:54526
1601462222969	mozrunner::runner	INFO	Running command: "/Applications/Firefox.app/Contents/MacOS/firefox-bin" "--marionette" "-foreground" "-no-remote" "-profile" "/var/folders/_n/gksf279x4g7bw61ky4pzvg_h0000gn/T/rust_mozprofileGGoSBj"
console.error: SearchCache: "_readCacheFile: Error reading cache file:" (new Error("", "(unknown module)"))
1601462224907	Marionette	INFO	Listening on port 54537
1601462224937	Marionette	WARN	TLS certificate errors will be ignored for this session
1601462536173	geckodriver	INFO	Listening on 127.0.0.1:54685
1601462537209	mozrunner::runner	INFO	Running command: "/Applications/Firefox.app/Contents/MacOS/firefox-bin" "--marionette" "-foreground" "-no-remote" "-profile" "/var/folders/_n/gksf279x4g7bw61ky4pzvg_h0000gn/T/rust_mozprofile0EahOe"
console.error: SearchCache: "_readCacheFile: Error reading cache file:" (new Error("", "(unknown module)"))
1601462539425	Marionette	INFO	Listening on port 54696
1601462539474	Marionette	WARN	TLS certificate errors will be ignored for this session
1601462592575	Marionette	INFO	Stopped listening on port 54357
1601462594597	Marionette	INFO	Stopped listening on port 54537
1601463205765	geckodriver	INFO	Listening on 127.0.0.1:55018
1601463206777	mozrunner::runner	INFO	Running command: "/Applications/Firefox.app/Contents/MacOS/firefox-bin" "--marionette" "-foreground" "-no-remote" "-profile" "/var/folders/_n/gksf279x4g7bw61ky4pzvg_h0000gn/T/rust_mozprofilejDHuNi"
console.error: SearchCache: "_readCacheFile: Error reading cache file:" (new Error("", "(unknown module)"))
1601463208661	Marionette	INFO	Listening on port 55029
1601463208740	Marionette	WARN	TLS certificate errors will be ignored for this session
1601463322130	geckodriver	INFO	Listening on 127.0.0.1:55095
1601463323138	mozrunner::runner	INFO	Running command: "/Applications/Firefox.app/Contents/MacOS/firefox-bin" "--marionette" "-foreground" "-no-remote" "-profile" "/var/folders/_n/gksf279x4g7bw61ky4pzvg_h0000gn/T/rust_mozprofile3axT55"
console.error: SearchCache: "_readCacheFile: Error reading cache file:" (new Error("", "(unknown module)"))
1601463325030	Marionette	INFO	Listening on port 55106
1601463325099	Marionette	WARN	TLS certificate errors will be ignored for this session
1601463414637	Marionette	INFO	Stopped listening on port 54696
1601463416552	Marionette	INFO	Stopped listening on port 55029
1601463418846	Marionette	INFO	Stopped listening on port 55106
1601463436207	geckodriver	INFO	Listening on 127.0.0.1:55203
1601463437214	mozrunner::runner	INFO	Running command: "/Applications/Firefox.app/Contents/MacOS/firefox-bin" "--marionette" "-foreground" "-no-remote" "-profile" "/var/folders/_n/gksf279x4g7bw61ky4pzvg_h0000gn/T/rust_mozprofileATunpq"
console.error: SearchCache: "_readCacheFile: Error reading cache file:" (new Error("", "(unknown module)"))
1601463439188	Marionette	INFO	Listening on port 55214
1601463439277	Marionette	WARN	TLS certificate errors will be ignored for this session
1601463559841	geckodriver	INFO	Listening on 127.0.0.1:55298
1601463560849	mozrunner::runner	INFO	Running command: "/Applications/Firefox.app/Contents/MacOS/firefox-bin" "--marionette" "-foreground" "-no-remote" "-profile" "/var/folders/_n/gksf279x4g7bw61ky4pzvg_h0000gn/T/rust_mozprofileHe22BB"
console.error: SearchCache: "_readCacheFile: Error reading cache file:" (new Error("", "(unknown module)"))
1601463562860	Marionette	INFO	Listening on port 55309
1601463562907	Marionette	WARN	TLS certificate errors will be ignored for this session
1601463651977	geckodriver	INFO	Listening on 127.0.0.1:55393
1601463652988	mozrunner::runner	INFO	Running command: "/Applications/Firefox.app/Contents/MacOS/firefox-bin" "--marionette" "-foreground" "-no-remote" "-profile" "/var/folders/_n/gksf279x4g7bw61ky4pzvg_h0000gn/T/rust_mozprofileXIZqOa"
console.error: SearchCache: "_readCacheFile: Error reading cache file:" (new Error("", "(unknown module)"))
1601463654860	Marionette	INFO	Listening on port 55404
1601463654930	Marionette	WARN	TLS certificate errors will be ignored for this session
1601463727120	geckodriver	INFO	Listening on 127.0.0.1:55483
1601463728124	mozrunner::runner	INFO	Running command: "/Applications/Firefox.app/Contents/MacOS/firefox-bin" "--marionette" "-foreground" "-no-remote" "-profile" "/var/folders/_n/gksf279x4g7bw61ky4pzvg_h0000gn/T/rust_mozprofilekCNi7Y"
console.error: SearchCache: "_readCacheFile: Error reading cache file:" (new Error("", "(unknown module)"))
1601463730384	Marionette	INFO	Listening on port 55496
1601463730473	Marionette	WARN	TLS certificate errors will be ignored for this session
1601463805009	geckodriver	INFO	Listening on 127.0.0.1:55592
1601463806016	mozrunner::runner	INFO	Running command: "/Applications/Firefox.app/Contents/MacOS/firefox-bin" "--marionette" "-foreground" "-no-remote" "-profile" "/var/folders/_n/gksf279x4g7bw61ky4pzvg_h0000gn/T/rust_mozprofileRSwAMe"
console.error: SearchCache: "_readCacheFile: Error reading cache file:" (new Error("", "(unknown module)"))
1601463808099	Marionette	INFO	Listening on port 55603
1601463808156	Marionette	WARN	TLS certificate errors will be ignored for this session
1601463859170	Marionette	INFO	Stopped listening on port 55214
1601463860908	Marionette	INFO	Stopped listening on port 55309
1601463862054	Marionette	INFO	Stopped listening on port 55404
1601463863160	Marionette	INFO	Stopped listening on port 55496
1601463864161	Marionette	INFO	Stopped listening on port 55603
1601463873241	geckodriver	INFO	Listening on 127.0.0.1:55691
1601463874250	mozrunner::runner	INFO	Running command: "/Applications/Firefox.app/Contents/MacOS/firefox-bin" "--marionette" "-foreground" "-no-remote" "-profile" "/var/folders/_n/gksf279x4g7bw61ky4pzvg_h0000gn/T/rust_mozprofile3qTWw2"
console.error: SearchCache: "_readCacheFile: Error reading cache file:" (new Error("", "(unknown module)"))
1601463876109	Marionette	INFO	Listening on port 55702
1601463876196	Marionette	WARN	TLS certificate errors will be ignored for this session
1601463941299	Marionette	INFO	Stopped listening on port 55702
1601463949493	geckodriver	INFO	Listening on 127.0.0.1:55770
1601463950504	mozrunner::runner	INFO	Running command: "/Applications/Firefox.app/Contents/MacOS/firefox-bin" "--marionette" "-foreground" "-no-remote" "-profile" "/var/folders/_n/gksf279x4g7bw61ky4pzvg_h0000gn/T/rust_mozprofileBvhYgZ"
console.error: SearchCache: "_readCacheFile: Error reading cache file:" (new Error("", "(unknown module)"))
1601463952327	Marionette	INFO	Listening on port 55781
1601463952343	Marionette	WARN	TLS certificate errors will be ignored for this session
1601463982237	Marionette	INFO	Stopped listening on port 55781
1601463991834	geckodriver	INFO	Listening on 127.0.0.1:55831
1601463992846	mozrunner::runner	INFO	Running command: "/Applications/Firefox.app/Contents/MacOS/firefox-bin" "--marionette" "-foreground" "-no-remote" "-profile" "/var/folders/_n/gksf279x4g7bw61ky4pzvg_h0000gn/T/rust_mozprofileMCUxXc"
console.error: SearchCache: "_readCacheFile: Error reading cache file:" (new Error("", "(unknown module)"))
1601463994741	Marionette	INFO	Listening on port 55842
1601463994786	Marionette	WARN	TLS certificate errors will be ignored for this session
1601464086158	geckodriver	INFO	Listening on 127.0.0.1:55928
1601464087176	mozrunner::runner	INFO	Running command: "/Applications/Firefox.app/Contents/MacOS/firefox-bin" "--marionette" "-foreground" "-no-remote" "-profile" "/var/folders/_n/gksf279x4g7bw61ky4pzvg_h0000gn/T/rust_mozprofile3Yh3DC"
console.error: SearchCache: "_readCacheFile: Error reading cache file:" (new Error("", "(unknown module)"))
1601464088981	Marionette	INFO	Listening on port 55939
1601464089009	Marionette	WARN	TLS certificate errors will be ignored for this session
